<?xml version="1.0" encoding="UTF-8" ?>
<testsuite errors="0" failures="0" hostname="Alains-MacBook-Pro.local" name="airUI.pkg.roomTest" skipped="0" tests="8" time="0.111" timestamp="2015-04-13T23:03:34">
  <properties>
    <property name="java.vendor" value="Oracle Corporation" />
    <property name="sun.java.launcher" value="SUN_STANDARD" />
    <property name="sun.management.compiler" value="HotSpot 64-Bit Tiered Compilers" />
    <property name="lib" value="/Users/algrandjean/GitHub/CST316Embedded/airAutomation/lib" />
    <property name="os.name" value="Mac OS X" />
    <property name="sun.boot.class.path" value="/Library/Java/JavaVirtualMachines/jdk1.8.0_20.jdk/Contents/Home/jre/lib/resources.jar:/Library/Java/JavaVirtualMachines/jdk1.8.0_20.jdk/Contents/Home/jre/lib/rt.jar:/Library/Java/JavaVirtualMachines/jdk1.8.0_20.jdk/Contents/Home/jre/lib/sunrsasign.jar:/Library/Java/JavaVirtualMachines/jdk1.8.0_20.jdk/Contents/Home/jre/lib/jsse.jar:/Library/Java/JavaVirtualMachines/jdk1.8.0_20.jdk/Contents/Home/jre/lib/jce.jar:/Library/Java/JavaVirtualMachines/jdk1.8.0_20.jdk/Contents/Home/jre/lib/charsets.jar:/Library/Java/JavaVirtualMachines/jdk1.8.0_20.jdk/Contents/Home/jre/lib/jfr.jar:/Library/Java/JavaVirtualMachines/jdk1.8.0_20.jdk/Contents/Home/jre/classes" />
    <property name="TODAY" value="April 13 2015" />
    <property name="java.vm.specification.vendor" value="Oracle Corporation" />
    <property name="ant.home" value="/opt/local/share/java/apache-ant" />
    <property name="java.runtime.version" value="1.8.0_20-b26" />
    <property name="user.name" value="algrandjean" />
    <property name="user.language" value="en" />
    <property name="ant.file.Embedded CST316 Project Test Build" value="/Users/algrandjean/GitHub/CST316Embedded/build.xml" />
    <property name="build" value="/Users/algrandjean/GitHub/CST316Embedded/airAutomation/classes" />
    <property name="test.report.dir" value="/Users/algrandjean/GitHub/CST316Embedded/airAutomation/testreport" />
    <property name="sun.boot.library.path" value="/Library/Java/JavaVirtualMachines/jdk1.8.0_20.jdk/Contents/Home/jre/lib" />
    <property name="ant.project.default-target" value="targets" />
    <property name="ant.project.name" value="Embedded CST316 Project Test Build" />
    <property name="DSTAMP" value="20150413" />
    <property name="java.version" value="1.8.0_20" />
    <property name="user.timezone" value="America/Phoenix" />
    <property name="sun.arch.data.model" value="64" />
    <property name="java.endorsed.dirs" value="/Library/Java/JavaVirtualMachines/jdk1.8.0_20.jdk/Contents/Home/jre/lib/endorsed" />
    <property name="sun.cpu.isalist" value="" />
    <property name="sun.jnu.encoding" value="UTF-8" />
    <property name="file.encoding.pkg" value="sun.io" />
    <property name="file.separator" value="/" />
    <property name="java.specification.name" value="Java Platform API Specification" />
    <property name="java.class.version" value="52.0" />
    <property name="src" value="/Users/algrandjean/GitHub/CST316Embedded/airAutomation/src" />
    <property name="user.country" value="US" />
    <property name="java.home" value="/Library/Java/JavaVirtualMachines/jdk1.8.0_20.jdk/Contents/Home/jre" />
    <property name="java.vm.info" value="mixed mode" />
    <property name="ant.file" value="/Users/algrandjean/GitHub/CST316Embedded/build.xml" />
    <property name="os.version" value="10.8.5" />
    <property name="path.separator" value=":" />
    <property name="java.vm.version" value="25.20-b23" />
    <property name="aTest" value="/Users/algrandjean/GitHub/CST316Embedded/airAutomation/testAirUI" />
    <property name="ant.library.dir" value="/opt/local/share/java/apache-ant/lib" />
    <property name="java.awt.printerjob" value="sun.lwawt.macosx.CPrinterJob" />
    <property name="sun.io.unicode.encoding" value="UnicodeBig" />
    <property name="awt.toolkit" value="sun.lwawt.macosx.LWCToolkit" />
    <property name="user.home" value="/Users/algrandjean" />
    <property name="java.specification.vendor" value="Oracle Corporation" />
    <property name="test" value="/Users/algrandjean/GitHub/CST316Embedded/airAutomation/testAirUI/airUI/pkg" />
    <property name="test.dir" value="/Users/algrandjean/GitHub/CST316Embedded/airAutomation/classes/tests" />
    <property name="java.library.path" value="/Users/algrandjean/Library/Java/Extensions:/Library/Java/Extensions:/Network/Library/Java/Extensions:/System/Library/Java/Extensions:/usr/lib/java:." />
    <property name="java.vendor.url" value="http://java.oracle.com/" />
    <property name="java.vm.vendor" value="Oracle Corporation" />
    <property name="gopherProxySet" value="false" />
    <property name="java.runtime.name" value="Java(TM) SE Runtime Environment" />
    <property name="sun.java.command" value="org.apache.tools.ant.taskdefs.optional.junit.JUnitTestRunner airUI.pkg.roomTest skipNonTests=false filtertrace=true haltOnError=false haltOnFailure=true formatter=org.apache.tools.ant.taskdefs.optional.junit.SummaryJUnitResultFormatter showoutput=false outputtoformatters=true logfailedtests=true logtestlistenerevents=false formatter=org.apache.tools.ant.taskdefs.optional.junit.XMLJUnitResultFormatter,/Users/algrandjean/GitHub/CST316Embedded/airAutomation/testreport/TEST-airUI.pkg.roomTest.xml crashfile=/Users/algrandjean/GitHub/CST316Embedded/junitvmwatcher4095109600439114711.properties propsfile=/Users/algrandjean/GitHub/CST316Embedded/junit8514130546447326186.properties" />
    <property name="java.class.path" value="/Users/algrandjean/GitHub/CST316Embedded/airAutomation/classes:/Users/algrandjean/GitHub/CST316Embedded/airAutomation/lib/xbjlib-1.0.1.jar:/Users/algrandjean/GitHub/CST316Embedded/airAutomation/lib/junit-4.12.jar:/Users/algrandjean/GitHub/CST316Embedded/airAutomation/lib/hamcrest-core-1.3.jar:/Users/algrandjean/GitHub/CST316Embedded/airAutomation/lib/findbugs-ant.jar:/Users/algrandjean/GitHub/CST316Embedded/airAutomation/lib/pmd-core-5.2.3.jar:/Users/algrandjean/GitHub/CST316Embedded/airAutomation/lib/pmd-java-5.2.3.jar:/Users/algrandjean/GitHub/CST316Embedded/airAutomation/classes/tests:/opt/local/share/java/apache-ant/lib/ant-launcher.jar:/opt/local/share/java/apache-ant/lib/ant.jar:/opt/local/share/java/apache-ant/lib/ant-junit.jar:/opt/local/share/java/apache-ant/lib/ant-junit4.jar" />
    <property name="ant.version" value="Apache Ant(TM) version 1.9.3 compiled on December 23 2013" />
    <property name="TSTAMP" value="1603" />
    <property name="java.vm.specification.name" value="Java Virtual Machine Specification" />
    <property name="ant.file.type" value="file" />
    <property name="java.vm.specification.version" value="1.8" />
    <property name="sun.cpu.endian" value="little" />
    <property name="sun.os.patch.level" value="unknown" />
    <property name="java.io.tmpdir" value="/var/folders/2s/wf212b0j0p380vsvblh0kfj00000gn/T/" />
    <property name="java.vendor.url.bug" value="http://bugreport.sun.com/bugreport/" />
    <property name="os.arch" value="x86_64" />
    <property name="java.awt.graphicsenv" value="sun.awt.CGraphicsEnvironment" />
    <property name="java.ext.dirs" value="/Users/algrandjean/Library/Java/Extensions:/Library/Java/JavaVirtualMachines/jdk1.8.0_20.jdk/Contents/Home/jre/lib/ext:/Library/Java/Extensions:/Network/Library/Java/Extensions:/System/Library/Java/Extensions:/usr/lib/java" />
    <property name="user.dir" value="/Users/algrandjean/GitHub/CST316Embedded" />
    <property name="line.separator" value="&#xa;" />
    <property name="java.vm.name" value="Java HotSpot(TM) 64-Bit Server VM" />
    <property name="basedir" value="/Users/algrandjean/GitHub/CST316Embedded" />
    <property name="ant.java.version" value="1.8" />
    <property name="ant.core.lib" value="/opt/local/share/java/apache-ant/lib/ant.jar" />
    <property name="ant.file.type.Embedded CST316 Project Test Build" value="file" />
    <property name="test.path" value="/Users/algrandjean/GitHub/CST316Embedded/airAutomation/classes:/Users/algrandjean/GitHub/CST316Embedded/airAutomation/lib/xbjlib-1.0.1.jar:/Users/algrandjean/GitHub/CST316Embedded/airAutomation/lib/junit-4.12.jar:/Users/algrandjean/GitHub/CST316Embedded/airAutomation/lib/hamcrest-core-1.3.jar:/Users/algrandjean/GitHub/CST316Embedded/airAutomation/lib/findbugs-ant.jar:/Users/algrandjean/GitHub/CST316Embedded/airAutomation/lib/findbugs.jar:/Users/algrandjean/GitHub/CST316Embedded/airAutomation/lib/pmd-core-5.2.3.jar:/Users/algrandjean/GitHub/CST316Embedded/airAutomation/lib/pmd-java-5.2.3.jar" />
    <property name="file.encoding" value="UTF-8" />
    <property name="java.specification.version" value="1.8" />
    <property name="ant.project.invoked-targets" value="test" />
  </properties>
  <testcase classname="airUI.pkg.roomTest" name="testGetRoom" time="0.003" />
  <testcase classname="airUI.pkg.roomTest" name="testRemoveRoom" time="0.0" />
  <testcase classname="airUI.pkg.roomTest" name="testCreateRoom" time="0.001" />
  <testcase classname="airUI.pkg.roomTest" name="testGetCarbonDioxide" time="0.0" />
  <testcase classname="airUI.pkg.roomTest" name="testGetroomList" time="0.0" />
  <testcase classname="airUI.pkg.roomTest" name="testGetMethane" time="0.001" />
  <testcase classname="airUI.pkg.roomTest" name="testDataReceived" time="0.0" />
  <testcase classname="airUI.pkg.roomTest" name="testGetHumidity" time="0.001" />
  <system-out><![CDATA[Temperature: ""
Humidity: ""
Carbon Dioxide: ""
Methane: ""
Added:  to the room List.
Temperature: ""
Humidity: ""
Carbon Dioxide: ""
Methane: ""
Added: master to the room List.
Temperature: ""
Humidity: ""
Carbon Dioxide: ""
Methane: ""
Added: kids to the room List.
getRoom: 
remove room test: 
Temperature: ""
Humidity: ""
Carbon Dioxide: ""
Methane: ""
Added: bryan to the room List.
get humidity test: 
]]></system-out>
  <system-err><![CDATA[]]></system-err>
</testsuite>
